[2022-02-09 12:06:38] | Ошибка: test |
 ________________ 
[2022-02-09 12:06:38] | Ошибка: test |
 ________________ 
[2022-02-24 09:07:22] | Ошибка: Invalid IP: sdfdsd |
 ________________ 
[2022-02-24 09:07:59] | Ошибка: Invalid IP: sdfdsd |
 ________________ 
[2022-02-24 09:08:19] | Ошибка: Invalid IP: sdfdsd |
 ________________ 
[2022-02-24 09:09:09] | Ошибка: Invalid IP: xsadaas |
 ________________ 
[2022-02-24 09:13:03] | Ошибка: Invalid IP: xsadaas |
 ________________ 
[2022-02-24 09:13:52] | Ошибка: Invalid IP: xsadaas |
 ________________ 
[2022-02-24 09:14:22] | Ошибка: Invalid IP: xsadaas |
 ________________ 
[2022-02-24 09:14:34] | Ошибка: Invalid IP: sasda |
 ________________ 
[2022-02-24 09:15:39] | Ошибка: Invalid IP: sasda |
 ________________ 
